<?xml version="1.0" encoding="UTF-8"?>
<testng-results ignored="0" total="2" passed="2" failed="0" skipped="0">
  <reporter-output>
  </reporter-output>
  <suite started-at="2023-04-12T16:26:30 IST" name="Suite" finished-at="2023-04-12T16:27:09 IST" duration-ms="38061">
    <groups>
    </groups>
    <test started-at="2023-04-12T16:26:30 IST" name="Orange HRM Automation" finished-at="2023-04-12T16:27:09 IST" duration-ms="38061">
      <class name="com.orangehrm.testcase.TC_AddEmployee_002">
        <test-method is-config="true" signature="setUp()[pri:0, instance:com.orangehrm.testcase.TC_AddEmployee_002@57a3af25]" started-at="2023-04-12T16:26:48 IST" name="setUp" finished-at="2023-04-12T16:26:55 IST" duration-ms="7042" status="PASS">
          <reporter-output>
          </reporter-output>
        </test-method> <!-- setUp -->
        <test-method signature="addEmployee()[pri:0, instance:com.orangehrm.testcase.TC_AddEmployee_002@57a3af25]" started-at="2023-04-12T16:26:55 IST" name="addEmployee" finished-at="2023-04-12T16:27:08 IST" duration-ms="12755" status="PASS">
          <reporter-output>
          </reporter-output>
        </test-method> <!-- addEmployee -->
        <test-method is-config="true" signature="tearDown()[pri:0, instance:com.orangehrm.testcase.TC_AddEmployee_002@57a3af25]" started-at="2023-04-12T16:27:08 IST" name="tearDown" finished-at="2023-04-12T16:27:09 IST" duration-ms="301" status="PASS">
          <reporter-output>
          </reporter-output>
        </test-method> <!-- tearDown -->
      </class> <!-- com.orangehrm.testcase.TC_AddEmployee_002 -->
      <class name="com.orangehrm.testcase.TC_LoginTest_001">
        <test-method is-config="true" signature="setUp()[pri:0, instance:com.orangehrm.testcase.TC_LoginTest_001@4fb0f2b9]" started-at="2023-04-12T16:26:31 IST" name="setUp" finished-at="2023-04-12T16:26:45 IST" duration-ms="14571" status="PASS">
          <reporter-output>
          </reporter-output>
        </test-method> <!-- setUp -->
        <test-method signature="loginTest()[pri:0, instance:com.orangehrm.testcase.TC_LoginTest_001@4fb0f2b9]" started-at="2023-04-12T16:26:45 IST" name="loginTest" finished-at="2023-04-12T16:26:48 IST" duration-ms="3156" status="PASS">
          <reporter-output>
          </reporter-output>
        </test-method> <!-- loginTest -->
        <test-method is-config="true" signature="tearDown()[pri:0, instance:com.orangehrm.testcase.TC_LoginTest_001@4fb0f2b9]" started-at="2023-04-12T16:26:48 IST" name="tearDown" finished-at="2023-04-12T16:26:48 IST" duration-ms="157" status="PASS">
          <reporter-output>
          </reporter-output>
        </test-method> <!-- tearDown -->
      </class> <!-- com.orangehrm.testcase.TC_LoginTest_001 -->
    </test> <!-- Orange HRM Automation -->
  </suite> <!-- Suite -->
</testng-results>
